# JRE version: Java(TM) SE Runtime Environment (8.0_101-b13) (build 1.8.0_101-b13)
# Java VM: Java HotSpot(TM) 64-Bit Server VM (25.101-b13 mixed mode windows-amd64 compressed oops)
Heap:
 PSYoungGen      total 123904K, used 96455K [0x00000000d5f00000, 0x00000000fe480000, 0x0000000100000000)
  eden space 122880K, 77% used [0x00000000d5f00000,0x00000000dbc61ed0,0x00000000dd700000)
  from space 1024K, 81% used [0x00000000fe380000,0x00000000fe450000,0x00000000fe480000)
  to   space 1536K, 0% used [0x00000000fe180000,0x00000000fe180000,0x00000000fe300000)
 ParOldGen       total 87552K, used 7247K [0x0000000081c00000, 0x0000000087180000, 0x00000000d5f00000)
  object space 87552K, 8% used [0x0000000081c00000,0x0000000082313ed8,0x0000000087180000)
 Metaspace       used 13063K, capacity 13290K, committed 13568K, reserved 1060864K
  class space    used 1355K, capacity 1459K, committed 1536K, reserved 1048576K
GC Heap History (10 events):
Event: 3155.127 GC heap before
{Heap before GC invocations=646 (full 0):
 PSYoungGen      total 150016K, used 149792K [0x00000000d5f00000, 0x00000000fe580000, 0x0000000100000000)
  eden space 148992K, 100% used [0x00000000d5f00000,0x00000000df080000,0x00000000df080000)
  from space 1024K, 78% used [0x00000000fe380000,0x00000000fe448000,0x00000000fe480000)
  to   space 1024K, 0% used [0x00000000fe480000,0x00000000fe480000,0x00000000fe580000)
 ParOldGen       total 87552K, used 6111K [0x0000000081c00000, 0x0000000087180000, 0x00000000d5f00000)
  object space 87552K, 6% used [0x0000000081c00000,0x00000000821f7dd8,0x0000000087180000)
 Metaspace       used 12592K, capacity 12842K, committed 13056K, reserved 1060864K
  class space    used 1353K, capacity 1459K, committed 1536K, reserved 1048576K
Event: 3155.133 GC heap after
Heap after GC invocations=646 (full 0):
 PSYoungGen      total 144384K, used 640K [0x00000000d5f00000, 0x00000000fe580000, 0x0000000100000000)
  eden space 143360K, 0% used [0x00000000d5f00000,0x00000000d5f00000,0x00000000deb00000)
  from space 1024K, 62% used [0x00000000fe480000,0x00000000fe520000,0x00000000fe580000)
  to   space 1024K, 0% used [0x00000000fe380000,0x00000000fe380000,0x00000000fe480000)
 ParOldGen       total 87552K, used 6407K [0x0000000081c00000, 0x0000000087180000, 0x00000000d5f00000)
  object space 87552K, 7% used [0x0000000081c00000,0x0000000082241eb8,0x0000000087180000)
 Metaspace       used 12592K, capacity 12842K, committed 13056K, reserved 1060864K
  class space    used 1353K, capacity 1459K, committed 1536K, reserved 1048576K
}
Event: 3510.276 GC heap before
{Heap before GC invocations=647 (full 0):
 PSYoungGen      total 144384K, used 144000K [0x00000000d5f00000, 0x00000000fe580000, 0x0000000100000000)
  eden space 143360K, 100% used [0x00000000d5f00000,0x00000000deb00000,0x00000000deb00000)
  from space 1024K, 62% used [0x00000000fe480000,0x00000000fe520000,0x00000000fe580000)
  to   space 1024K, 0% used [0x00000000fe380000,0x00000000fe380000,0x00000000fe480000)
 ParOldGen       total 87552K, used 6407K [0x0000000081c00000, 0x0000000087180000, 0x00000000d5f00000)
  object space 87552K, 7% used [0x0000000081c00000,0x0000000082241eb8,0x0000000087180000)
 Metaspace       used 12608K, capacity 12842K, committed 13056K, reserved 1060864K
  class space    used 1353K, capacity 1459K, committed 1536K, reserved 1048576K
Event: 3510.281 GC heap after
Heap after GC invocations=647 (full 0):
 PSYoungGen      total 138752K, used 960K [0x00000000d5f00000, 0x00000000fe500000, 0x0000000100000000)
  eden space 137728K, 0% used [0x00000000d5f00000,0x00000000d5f00000,0x00000000de580000)
  from space 1024K, 93% used [0x00000000fe380000,0x00000000fe470020,0x00000000fe480000)
  to   space 512K, 0% used [0x00000000fe480000,0x00000000fe480000,0x00000000fe500000)
 ParOldGen       total 87552K, used 6455K [0x0000000081c00000, 0x0000000087180000, 0x00000000d5f00000)
  object space 87552K, 7% used [0x0000000081c00000,0x000000008224ded8,0x0000000087180000)
 Metaspace       used 12608K, capacity 12842K, committed 13056K, reserved 1060864K
  class space    used 1353K, capacity 1459K, committed 1536K, reserved 1048576K
}
Event: 3787.979 GC heap before
{Heap before GC invocations=648 (full 0):
 PSYoungGen      total 138752K, used 138688K [0x00000000d5f00000, 0x00000000fe500000, 0x0000000100000000)
  eden space 137728K, 100% used [0x00000000d5f00000,0x00000000de580000,0x00000000de580000)
  from space 1024K, 93% used [0x00000000fe380000,0x00000000fe470020,0x00000000fe480000)
  to   space 512K, 0% used [0x00000000fe480000,0x00000000fe480000,0x00000000fe500000)
 ParOldGen       total 87552K, used 6455K [0x0000000081c00000, 0x0000000087180000, 0x00000000d5f00000)
  object space 87552K, 7% used [0x0000000081c00000,0x000000008224ded8,0x0000000087180000)
 Metaspace       used 12768K, capacity 13034K, committed 13312K, reserved 1060864K
  class space    used 1354K, capacity 1459K, committed 1536K, reserved 1048576K
Event: 3787.992 GC heap after
Heap after GC invocations=648 (full 0):
 PSYoungGen      total 133120K, used 480K [0x00000000d5f00000, 0x00000000fe500000, 0x0000000100000000)
  eden space 132608K, 0% used [0x00000000d5f00000,0x00000000d5f00000,0x00000000de080000)
  from space 512K, 93% used [0x00000000fe480000,0x00000000fe4f8020,0x00000000fe500000)
  to   space 1536K, 0% used [0x00000000fe200000,0x00000000fe200000,0x00000000fe380000)
 ParOldGen       total 87552K, used 7151K [0x0000000081c00000, 0x0000000087180000, 0x00000000d5f00000)
  object space 87552K, 8% used [0x0000000081c00000,0x00000000822fbed8,0x0000000087180000)
 Metaspace       used 12768K, capacity 13034K, committed 13312K, reserved 1060864K
  class space    used 1354K, capacity 1459K, committed 1536K, reserved 1048576K
}
Event: 4023.066 GC heap before
{Heap before GC invocations=649 (full 0):
 PSYoungGen      total 133120K, used 133088K [0x00000000d5f00000, 0x00000000fe500000, 0x0000000100000000)
  eden space 132608K, 100% used [0x00000000d5f00000,0x00000000de080000,0x00000000de080000)
  from space 512K, 93% used [0x00000000fe480000,0x00000000fe4f8020,0x00000000fe500000)
  to   space 1536K, 0% used [0x00000000fe200000,0x00000000fe200000,0x00000000fe380000)
 ParOldGen       total 87552K, used 7151K [0x0000000081c00000, 0x0000000087180000, 0x00000000d5f00000)
  object space 87552K, 8% used [0x0000000081c00000,0x00000000822fbed8,0x0000000087180000)
 Metaspace       used 12940K, capacity 13226K, committed 13568K, reserved 1060864K
  class space    used 1354K, capacity 1459K, committed 1536K, reserved 1048576K
Event: 4023.071 GC heap after
Heap after GC invocations=649 (full 0):
 PSYoungGen      total 129024K, used 768K [0x00000000d5f00000, 0x00000000fe500000, 0x0000000100000000)
  eden space 127488K, 0% used [0x00000000d5f00000,0x00000000d5f00000,0x00000000ddb80000)
  from space 1536K, 50% used [0x00000000fe200000,0x00000000fe2c0000,0x00000000fe380000)
  to   space 1536K, 0% used [0x00000000fe380000,0x00000000fe380000,0x00000000fe500000)
 ParOldGen       total 87552K, used 7215K [0x0000000081c00000, 0x0000000087180000, 0x00000000d5f00000)
  object space 87552K, 8% used [0x0000000081c00000,0x000000008230bed8,0x0000000087180000)
 Metaspace       used 12940K, capacity 13226K, committed 13568K, reserved 1060864K
  class space    used 1354K, capacity 1459K, committed 1536K, reserved 1048576K
}
Event: 4288.068 GC heap before
{Heap before GC invocations=650 (full 0):
 PSYoungGen      total 129024K, used 128256K [0x00000000d5f00000, 0x00000000fe500000, 0x0000000100000000)
  eden space 127488K, 100% used [0x00000000d5f00000,0x00000000ddb80000,0x00000000ddb80000)
  from space 1536K, 50% used [0x00000000fe200000,0x00000000fe2c0000,0x00000000fe380000)
  to   space 1536K, 0% used [0x00000000fe380000,0x00000000fe380000,0x00000000fe500000)
 ParOldGen       total 87552K, used 7215K [0x0000000081c00000, 0x0000000087180000, 0x00000000d5f00000)
  object space 87552K, 8% used [0x0000000081c00000,0x000000008230bed8,0x0000000087180000)
 Metaspace       used 13019K, capacity 13226K, committed 13568K, reserved 1060864K
  class space    used 1355K, capacity 1459K, committed 1536K, reserved 1048576K
Event: 4288.076 GC heap after
Heap after GC invocations=650 (full 0):
 PSYoungGen      total 123904K, used 832K [0x00000000d5f00000, 0x00000000fe480000, 0x0000000100000000)
  eden space 122880K, 0% used [0x00000000d5f00000,0x00000000d5f00000,0x00000000dd700000)
  from space 1024K, 81% used [0x00000000fe380000,0x00000000fe450000,0x00000000fe480000)
  to   space 1536K, 0% used [0x00000000fe180000,0x00000000fe180000,0x00000000fe300000)
 ParOldGen       total 87552K, used 7247K [0x0000000081c00000, 0x0000000087180000, 0x00000000d5f00000)
  object space 87552K, 8% used [0x0000000081c00000,0x0000000082313ed8,0x0000000087180000)
 Metaspace       used 13019K, capacity 13226K, committed 13568K, reserved 1060864K
  class space    used 1355K, capacity 1459K, committed 1536K, reserved 1048576K
}

